cntt-2024: page 8 could not parse course row for BAA00104
cntt-2024: page 9 could not parse course row for PHY00002
cntt-2024: page 9 could not parse course row for PHY00081
cntt-2024: page 11 could not parse course row for BAA00030
cntt-2024: page 11 could not parse course row for CSC10003
cntt-2024: page 11 invalid credits for CSC10004: [45, 30, 0]
cntt-2024: page 11 could not parse course row for CSC13002
cntt-2024: page 12 could not parse course row for CSC11117
cntt-2024: page 12 could not parse course row for CSC11118
cntt-2024: page 13 could not parse course row for CSC12004
cntt-2024: page 13 could not parse course row for CSC15006
cntt-2024: page 14 could not parse course row for CSC15011
cntt-2024: page 14 could not parse course row for CSC11117
cntt-2024: page 14 could not parse course row for CSC12005
cntt-2024: page 14 could not parse course row for CSC17106
cntt-2024: page 14 invalid credits for CSC13112: [45, 30, 0]
cntt-2024: page 14 could not parse course row for CSC14111
cntt-2024: page 14 could not parse course row for CSC14117
cntt-2024: page 15 could not parse course row for CSC15107
cntt-2024: page 15 could not parse course row for CSC15012
cntt-2024: page 15 could not parse course row for CSC12001
cntt-2024: page 15 could not parse course row for CSC16003
cntt-2024: page 15 could not parse course row for CSC16106
cntt-2024: page 15 could not parse course row for CSC16109
cntt-2024: page 15 could not parse course row for CSC11114
cntt-2024: page 15 could not parse course row for CSC12112
cntt-2024: page 15 could not parse course row for CSC12113
cntt-2024: page 16 could not parse course row for CSC11111
cntt-2024: page 16 could not parse course row for CSC11112
cntt-2024: page 17 could not parse course row for CSC10203
cntt-2024: page 18 could not parse course row for BAA00030
cntt-2024: page 18 could not parse course row for BAA00021
cntt-2024: page 18 could not parse course row for ADD00031
cntt-2024: page 18 could not parse course row for MTH00021
cntt-2024: page 18 could not parse course row for MTH00045
cntt-2024: page 18 could not parse course row for CSC00004
cntt-2024: page 18 could not parse course row for CSC10012
cntt-2024: page 18 could not parse course row for BAA00022
cntt-2024: page 18 could not parse course row for ADD00032
cntt-2024: page 18 could not parse course row for BAA00004
cntt-2024: page 18 could not parse course row for MTH00022
cntt-2024: page 18 could not parse course row for MTH00035
cntt-2024: page 19 could not parse course row for CHE00001
cntt-2024: page 19 could not parse course row for CHE00081
cntt-2024: page 19 could not parse course row for BIO00001
cntt-2024: page 19 could not parse course row for BIO00081
cntt-2024: page 19 could not parse course row for PHY00001
cntt-2024: page 19 could not parse course row for PHY00081
cntt-2024: page 19 could not parse course row for CSC10004
cntt-2024: page 19 could not parse course row for ADD00033
cntt-2024: page 19 could not parse course row for CHE00002
cntt-2024: page 19 could not parse course row for CHE00082
cntt-2024: page 19 could not parse course row for BIO00002
cntt-2024: page 19 could not parse course row for BIO00082
cntt-2024: page 19 could not parse course row for PHY00002
cntt-2024: page 19 could not parse course row for MTH00044
cntt-2024: page 19 could not parse course row for MTH00050
cntt-2024: page 19 could not parse course row for CSC10003
cntt-2024: page 19 could not parse course row for CSC10008
cntt-2024: page 20 could not parse course row for ADD00034
cntt-2024: page 20 could not parse course row for BAA00101
cntt-2024: page 20 could not parse course row for BAA00005
cntt-2024: page 20 could not parse course row for BAA00006
cntt-2024: page 20 could not parse course row for BAA00007
cntt-2024: page 20 could not parse course row for MTH00051
cntt-2024: page 20 could not parse course row for MTH00052
cntt-2024: page 20 could not parse course row for MTH00053
cntt-2024: page 20 could not parse course row for CSC10014
cntt-2024: page 20 could not parse course row for CSC10006
cntt-2024: page 20 could not parse course row for CSC10009
cntt-2024: page 20 could not parse course row for BAA00102
cntt-2024: page 20 could not parse course row for GEO00002
cntt-2024: page 21 could not parse course row for ENV00001
cntt-2024: page 21 could not parse course row for ENV00003
cntt-2024: page 21 could not parse course row for CSC10007
cntt-2024: page 21 could not parse course row for CSC13002
cntt-2024: page 21 could not parse course row for CSC11004
cntt-2024: page 21 could not parse course row for CSC11117
cntt-2024: page 21 could not parse course row for CSC15005
cntt-2024: page 21 could not parse course row for BAA00103
cntt-2024: page 21 could not parse course row for CSC10107
cntt-2024: page 22 could not parse course row for CSC11003
cntt-2024: page 22 could not parse course row for CSC11006
cntt-2024: page 22 could not parse course row for CSC11007
cntt-2024: page 22 could not parse course row for CSC11120
cntt-2024: page 22 could not parse course row for CSC15003
cntt-2024: page 22 could not parse course row for BAA00104
cntt-2024: page 22 could not parse course row for CSC15001
cntt-2024: page 22 could not parse course row for CSC11116
cntt-2024: page 22 could not parse course row for CSC11118
cntt-2024: page 22 could not parse course row for CSC10251
cntt-2024: page 22 could not parse course row for CSC10252
cntt-2024: page 23 could not parse course row for CSC10204
cntt-2024: page 23 could not parse course row for CSC11112
cntt-2024: page 23 could not parse course row for CSC11119
cntt-2024: page 23 could not parse course row for BAA00003
cntt-2024: page 23 could not parse course row for CSC11106
cntt-2024: page 23 could not parse course row for CSC10252
cntt-2024: page 24 could not parse course row for CSC11111
cntt-2024: page 24 could not parse course row for BAA00030
cntt-2024: page 24 could not parse course row for BAA00021
cntt-2024: page 24 could not parse course row for ADD00031
cntt-2024: page 24 could not parse course row for MTH00021
cntt-2024: page 24 could not parse course row for MTH00045
cntt-2024: page 24 could not parse course row for CSC00004
cntt-2024: page 25 could not parse course row for CSC10012
cntt-2024: page 25 could not parse course row for BAA00022
cntt-2024: page 25 could not parse course row for ADD00032
cntt-2024: page 25 could not parse course row for BAA00004
cntt-2024: page 25 could not parse course row for CHE00001
cntt-2024: page 25 could not parse course row for CHE00081
cntt-2024: page 25 could not parse course row for BIO00001
cntt-2024: page 25 could not parse course row for BIO00081
cntt-2024: page 25 could not parse course row for PHY00001
cntt-2024: page 25 could not parse course row for PHY00081
cntt-2024: page 25 could not parse course row for MTH00022
cntt-2024: page 25 could not parse course row for MTH00035
cntt-2024: page 25 could not parse course row for CSC10004
cntt-2024: page 25 could not parse course row for ADD00033
cntt-2024: page 25 could not parse course row for MTH00044
cntt-2024: page 26 could not parse course row for MTH00050
cntt-2024: page 26 could not parse course row for CHE00002
cntt-2024: page 26 could not parse course row for CHE00082
cntt-2024: page 26 could not parse course row for BIO00002
cntt-2024: page 26 could not parse course row for BIO00082
cntt-2024: page 26 could not parse course row for PHY00002
cntt-2024: page 26 could not parse course row for CSC10003
cntt-2024: page 26 could not parse course row for CSC10008
cntt-2024: page 26 could not parse course row for ADD00034
cntt-2024: page 26 could not parse course row for BAA00101
cntt-2024: page 26 could not parse course row for BAA00005
cntt-2024: page 26 could not parse course row for BAA00007
cntt-2024: page 26 could not parse course row for MTH00051
cntt-2024: page 26 could not parse course row for MTH00052
cntt-2024: page 26 could not parse course row for MTH00053
cntt-2024: page 27 could not parse course row for CSC10014
cntt-2024: page 27 could not parse course row for CSC10006
cntt-2024: page 27 could not parse course row for CSC10009
cntt-2024: page 27 could not parse course row for BAA00102
cntt-2024: page 27 could not parse course row for GEO00002
cntt-2024: page 27 could not parse course row for ENV00003
cntt-2024: page 27 could not parse course row for CSC10007
cntt-2024: page 27 could not parse course row for CSC13002
cntt-2024: page 27 could not parse course row for CSC14003
cntt-2024: page 27 could not parse course row for CSC11004
cntt-2024: page 27 could not parse course row for CSC12002
cntt-2024: page 28 could not parse course row for CSC12004
cntt-2024: page 28 could not parse course row for CSC12003
cntt-2024: page 28 could not parse course row for CSC13008
cntt-2024: page 28 could not parse course row for CSC14004
cntt-2024: page 28 could not parse course row for CSC14111
cntt-2024: page 28 could not parse course row for CSC14119
cntt-2024: page 28 could not parse course row for CSC17104
cntt-2024: page 28 could not parse course row for CSC15005
cntt-2024: page 28 could not parse course row for CSC15006
cntt-2024: page 28 could not parse course row for CSC16005
cntt-2024: page 29 could not parse course row for BAA00103
cntt-2024: page 29 could not parse course row for CSC11006
cntt-2024: page 29 could not parse course row for CSC12005
cntt-2024: page 29 could not parse course row for CSC12105
cntt-2024: page 29 could not parse course row for CSC17106
cntt-2024: page 29 could not parse course row for CSC13010
cntt-2024: page 29 could not parse course row for CSC14005
cntt-2024: page 29 could not parse course row for CSC14118
cntt-2024: page 29 could not parse course row for CSC17001
cntt-2024: page 29 could not parse course row for CSC15004
cntt-2024: page 29 could not parse course row for CSC15007
cntt-2024: page 29 could not parse course row for CSC15107
cntt-2024: page 29 could not parse course row for CSC15003
cntt-2024: page 30 could not parse course row for CSC15012
cntt-2024: page 30 could not parse course row for CSC15002
cntt-2024: page 30 could not parse course row for CSC12001
cntt-2024: page 30 could not parse course row for CSC16003
cntt-2024: page 30 could not parse course row for CSC16109
cntt-2024: page 31 could not parse course row for BAA00104
cntt-2024: page 31 could not parse course row for CSC15001
cntt-2024: page 31 could not parse course row for CSC11003
cntt-2024: page 31 could not parse course row for CSC11106
cntt-2024: page 31 could not parse course row for CSC13003
cntt-2024: page 31 could not parse course row for CSC13106
cntt-2024: page 31 could not parse course row for CSC13006
cntt-2024: page 31 could not parse course row for CSC13112
cntt-2024: page 31 could not parse course row for CSC14117
cntt-2024: page 32 could not parse course row for CSC14120
cntt-2024: page 32 could not parse course row for CSC15011
cntt-2024: page 32 could not parse course row for CSC15010
cntt-2024: page 32 could not parse course row for CSC16106
cntt-2024: page 32 could not parse course row for CSC16107
cntt-2024: page 32 could not parse course row for CSC10252
cntt-2024: page 32 could not parse course row for CSC10204
cntt-2024: page 33 could not parse course row for BAA00003
cntt-2024: page 33 could not parse course row for CSC11117
cntt-2024: page 33 could not parse course row for CSC14101
cntt-2024: page 33 could not parse course row for CSC10252
cntt-2024: page 33 could not parse course row for CSC10204
cntt-2024: page 35 invalid credits for CSC11003: [45, 30, 0]
cntt-2024: page 35 invalid credits for CSC11117: [45, 30, 0]
khmt-2024: page 8 could not parse course row for BAA00104
khmt-2024: page 10 could not parse course row for PHY00002
khmt-2024: page 11 could not parse course row for BAA00030
khmt-2024: page 11 could not parse course row for CSC13002
khmt-2024: page 12 could not parse course row for CSC14001
khmt-2024: page 12 could not parse course row for CSC14111
khmt-2024: page 12 could not parse course row for CSC14008
khmt-2024: page 13 could not parse course row for CSC14117
khmt-2024: page 13 could not parse course row for CSC14007
khmt-2024: page 14 could not parse course row for CSC15011
khmt-2024: page 14 could not parse course row for CSC15107
khmt-2024: page 15 could not parse course row for CSC16106
khmt-2024: page 15 could not parse course row for CSC16003
khmt-2024: page 16 could not parse course row for CSC16102
khmt-2024: page 16 could not parse course row for CSC16106
khmt-2024: page 16 could not parse course row for CSC16109
khmt-2024: page 17 could not parse course row for CSC12001
khmt-2024: page 17 could not parse course row for CSC14007
khmt-2024: page 17 could not parse course row for CSC14117
khmt-2024: page 17 could not parse course row for CSC15107
khmt-2024: page 17 could not parse course row for CSC16106
khmt-2024: page 19 could not parse course row for CSC14117
khmt-2024: page 19 could not parse course row for CSC17106
khmt-2024: page 20 could not parse course row for CSC14116
khmt-2024: page 20 could not parse course row for CSC15201
khmt-2024: page 20 invalid credits for CSC15104: [45, 30, 0]
khmt-2024: page 21 could not parse course row for CSC16111
khmt-2024: page 21 could not parse course row for CSC16112
khmt-2024: page 21 could not parse course row for CSC15201
khmt-2024: page 22 could not parse course row for CSC17107
khmt-2024: page 22 could not parse course row for CSC14116
khmt-2024: page 23 could not parse course row for BAA00030
khmt-2024: page 23 could not parse course row for BAA00021
khmt-2024: page 23 could not parse course row for ADD00031
khmt-2024: page 23 could not parse course row for MTH00021
khmt-2024: page 23 could not parse course row for MTH00045
khmt-2024: page 23 could not parse course row for CSC00004
khmt-2024: page 23 could not parse course row for CSC10012
khmt-2024: page 23 could not parse course row for BAA00022
khmt-2024: page 23 could not parse course row for ADD00032
khmt-2024: page 23 could not parse course row for BAA00004
khmt-2024: page 23 could not parse course row for MTH00022
khmt-2024: page 23 could not parse course row for MTH00035
khmt-2024: page 24 could not parse course row for CHE00001
khmt-2024: page 24 could not parse course row for CHE00081
khmt-2024: page 24 could not parse course row for BIO00001
khmt-2024: page 24 could not parse course row for BIO00081
khmt-2024: page 24 could not parse course row for PHY00001
khmt-2024: page 24 could not parse course row for PHY00081
khmt-2024: page 24 could not parse course row for CSC10004
khmt-2024: page 24 could not parse course row for ADD00033
khmt-2024: page 24 could not parse course row for CHE00002
khmt-2024: page 24 could not parse course row for CHE00082
khmt-2024: page 24 could not parse course row for BIO00002
khmt-2024: page 24 could not parse course row for BIO00082
khmt-2024: page 24 could not parse course row for PHY00002
khmt-2024: page 24 could not parse course row for MTH00044
khmt-2024: page 24 could not parse course row for MTH00050
khmt-2024: page 24 could not parse course row for CSC10008
khmt-2024: page 25 could not parse course row for ADD00034
khmt-2024: page 25 could not parse course row for BAA00101
khmt-2024: page 25 could not parse course row for BAA00005
khmt-2024: page 25 could not parse course row for BAA00006
khmt-2024: page 25 invalid credits for BAA00007: [0, 45, 30, 6]
khmt-2024: page 25 could not parse course row for MTH00051
khmt-2024: page 25 could not parse course row for MTH00052
khmt-2024: page 25 could not parse course row for MTH00053
khmt-2024: page 25 could not parse course row for CSC10006
khmt-2024: page 25 could not parse course row for CSC10009
khmt-2024: page 25 could not parse course row for BAA00102
khmt-2024: page 25 could not parse course row for GEO00002
khmt-2024: page 26 could not parse course row for ENV00001
khmt-2024: page 26 could not parse course row for ENV00003
khmt-2024: page 26 could not parse course row for CSC10007
khmt-2024: page 26 could not parse course row for CSC14003
khmt-2024: page 26 could not parse course row for CSC14004
khmt-2024: page 26 could not parse course row for CSC14111
khmt-2024: page 26 could not parse course row for CSC16005
khmt-2024: page 26 could not parse course row for BAA00103
khmt-2024: page 26 could not parse course row for CSC13002
khmt-2024: page 26 could not parse course row for CSC10102
khmt-2024: page 26 could not parse course row for CSC10103
khmt-2024: page 27 could not parse course row for CSC10104
khmt-2024: page 27 could not parse course row for CSC14001
khmt-2024: page 27 could not parse course row for CSC14005
khmt-2024: page 27 could not parse course row for CSC14008
khmt-2024: page 27 could not parse course row for CSC14118
khmt-2024: page 27 could not parse course row for CSC10108
khmt-2024: page 27 could not parse course row for BAA00104
khmt-2024: page 27 could not parse course row for CSC14112
khmt-2024: page 27 could not parse course row for CSC14113
khmt-2024: page 27 could not parse course row for CSC14117
khmt-2024: page 27 could not parse course row for CSC14119
khmt-2024: page 27 could not parse course row for CSC14120
khmt-2024: page 28 could not parse course row for CSC10251
khmt-2024: page 28 could not parse course row for CSC10204
khmt-2024: page 28 could not parse course row for CSC14114
khmt-2024: page 28 could not parse course row for BAA00003
khmt-2024: page 28 could not parse course row for CSC14101
khmt-2024: page 28 could not parse course row for CSC14105
khmt-2024: page 28 could not parse course row for CSC17001
khmt-2024: page 28 could not parse course row for CSC10251
khmt-2024: page 29 could not parse course row for CSC10252
khmt-2024: page 29 could not parse course row for CSC10204
khmt-2024: page 29 could not parse course row for CSC14115
khmt-2024: page 29 could not parse course row for CSC14116
khmt-2024: page 29 could not parse course row for BAA00030
khmt-2024: page 29 could not parse course row for BAA00021
khmt-2024: page 30 could not parse course row for ADD00031
khmt-2024: page 30 could not parse course row for MTH00021
khmt-2024: page 30 could not parse course row for MTH00045
khmt-2024: page 30 could not parse course row for CSC00004
khmt-2024: page 30 could not parse course row for CSC10012
khmt-2024: page 30 could not parse course row for BAA00022
khmt-2024: page 30 could not parse course row for ADD00032
khmt-2024: page 30 could not parse course row for BAA00004
khmt-2024: page 30 could not parse course row for CHE00081
khmt-2024: page 30 could not parse course row for BIO00001
khmt-2024: page 30 could not parse course row for BIO00081
khmt-2024: page 30 could not parse course row for PHY00001
khmt-2024: page 30 could not parse course row for PHY00081
khmt-2024: page 30 could not parse course row for MTH00022
khmt-2024: page 31 could not parse course row for MTH00035
khmt-2024: page 31 could not parse course row for CSC10004
khmt-2024: page 31 could not parse course row for ADD00033
khmt-2024: page 31 could not parse course row for CHE00002
khmt-2024: page 31 could not parse course row for CHE00082
khmt-2024: page 31 could not parse course row for BIO00002
khmt-2024: page 31 could not parse course row for BIO00082
khmt-2024: page 31 could not parse course row for PHY00002
khmt-2024: page 31 could not parse course row for MTH00044
khmt-2024: page 31 could not parse course row for MTH00050
khmt-2024: page 31 could not parse course row for CSC10008
khmt-2024: page 31 could not parse course row for ADD00034
khmt-2024: page 31 could not parse course row for BAA00101
khmt-2024: page 31 could not parse course row for BAA00005
khmt-2024: page 32 could not parse course row for BAA00006
khmt-2024: page 32 could not parse course row for BAA00007
khmt-2024: page 32 could not parse course row for MTH00053
khmt-2024: page 32 could not parse course row for CSC10014
khmt-2024: page 32 could not parse course row for CSC10006
khmt-2024: page 32 could not parse course row for CSC10009
khmt-2024: page 32 could not parse course row for CSC10121
khmt-2024: page 32 could not parse course row for BAA00102
khmt-2024: page 32 could not parse course row for GEO00002
khmt-2024: page 32 could not parse course row for ENV00001
khmt-2024: page 32 could not parse course row for ENV00003
khmt-2024: page 32 could not parse course row for CSC10007
khmt-2024: page 33 invalid credits for CSC14003: [0, 7]
khmt-2024: page 33 could not parse course row for CSC10105
khmt-2024: page 33 invalid credits for CSC14007: [0, 9]
khmt-2024: page 33 could not parse course row for CSC15005
khmt-2024: page 33 invalid credits for CSC15006: [0, 11]
khmt-2024: page 33 could not parse course row for CSC15109
khmt-2024: page 33 could not parse course row for BAA00103
khmt-2024: page 33 could not parse course row for CSC13002
khmt-2024: page 33 could not parse course row for CSC10102
khmt-2024: page 33 could not parse course row for CSC10103
khmt-2024: page 33 could not parse course row for CSC10104
khmt-2024: page 34 could not parse course row for CSC10106
khmt-2024: page 34 could not parse course row for CSC10107
khmt-2024: page 34 could not parse course row for CSC15002
khmt-2024: page 34 could not parse course row for CSC15003
khmt-2024: page 34 could not parse course row for CSC15004
khmt-2024: page 34 could not parse course row for CSC15012
khmt-2024: page 34 could not parse course row for CSC15107
khmt-2024: page 34 could not parse course row for CSC15105
khmt-2024: page 35 could not parse course row for BAA00104
khmt-2024: page 35 could not parse course row for CSC15001
khmt-2024: page 35 could not parse course row for CSC15009
khmt-2024: page 35 could not parse course row for CSC15011
khmt-2024: page 35 could not parse course row for CSC15010
khmt-2024: page 35 could not parse course row for CSC15102
khmt-2024: page 35 could not parse course row for CSC14120
khmt-2024: page 35 could not parse course row for CSC16106
khmt-2024: page 35 could not parse course row for CSC10251
khmt-2024: page 36 could not parse course row for CSC15106
khmt-2024: page 36 could not parse course row for BAA00003
khmt-2024: page 36 could not parse course row for CSC14101
khmt-2024: page 37 could not parse course row for CSC15201
khmt-2024: page 37 could not parse course row for CSC15202
khmt-2024: page 37 could not parse course row for CSC15106
khmt-2024: page 37 could not parse course row for BAA00030
khmt-2024: page 37 could not parse course row for BAA00021
khmt-2024: page 37 could not parse course row for ADD00031
khmt-2024: page 38 could not parse course row for MTH00021
khmt-2024: page 38 could not parse course row for MTH00045
khmt-2024: page 38 could not parse course row for CSC00004
khmt-2024: page 38 invalid credits for CSC10012: [45, 30, 7]
khmt-2024: page 38 could not parse course row for BAA00022
khmt-2024: page 38 could not parse course row for BAA00004
khmt-2024: page 38 could not parse course row for CHE00001
khmt-2024: page 38 could not parse course row for CHE00081
khmt-2024: page 38 could not parse course row for BIO00001
khmt-2024: page 38 could not parse course row for BIO00081
khmt-2024: page 38 could not parse course row for PHY00001
khmt-2024: page 38 could not parse course row for PHY00081
khmt-2024: page 38 could not parse course row for MTH00022
khmt-2024: page 38 could not parse course row for MTH00035
khmt-2024: page 39 could not parse course row for CSC10004
khmt-2024: page 39 could not parse course row for ADD00033
khmt-2024: page 39 could not parse course row for CHE00002
khmt-2024: page 39 could not parse course row for CHE00082
khmt-2024: page 39 could not parse course row for BIO00002
khmt-2024: page 39 could not parse course row for BIO00082
khmt-2024: page 39 could not parse course row for PHY00002
khmt-2024: page 39 could not parse course row for MTH00044
khmt-2024: page 39 could not parse course row for MTH00050
khmt-2024: page 39 could not parse course row for CSC10008
khmt-2024: page 39 could not parse course row for ADD00034
khmt-2024: page 39 could not parse course row for BAA00101
khmt-2024: page 39 could not parse course row for BAA00005
khmt-2024: page 39 could not parse course row for BAA00006
khmt-2024: page 40 could not parse course row for BAA00007
khmt-2024: page 40 could not parse course row for MTH00051
khmt-2024: page 40 could not parse course row for MTH00052
khmt-2024: page 40 could not parse course row for MTH00053
khmt-2024: page 40 could not parse course row for CSC10006
khmt-2024: page 40 could not parse course row for BAA00102
khmt-2024: page 40 could not parse course row for GEO00002
khmt-2024: page 40 could not parse course row for ENV00001
khmt-2024: page 40 could not parse course row for ENV00003
khmt-2024: page 40 could not parse course row for CSC10007
khmt-2024: page 40 could not parse course row for CSC14003
khmt-2024: page 40 could not parse course row for CSC16001
khmt-2024: page 41 could not parse course row for BAA00103
khmt-2024: page 41 could not parse course row for CSC13002
khmt-2024: page 41 could not parse course row for CSC16109
khmt-2024: page 42 could not parse course row for CSC16002
khmt-2024: page 42 could not parse course row for CSC16102
khmt-2024: page 42 could not parse course row for CSC16106
khmt-2024: page 42 could not parse course row for CSC16107
khmt-2024: page 42 could not parse course row for CSC16114
khmt-2024: page 42 could not parse course row for CSC10251
khmt-2024: page 43 could not parse course row for CSC10252
khmt-2024: page 43 could not parse course row for CSC10204
khmt-2024: page 43 could not parse course row for BAA00003
khmt-2024: page 43 could not parse course row for CSC16105
khmt-2024: page 43 could not parse course row for CSC16113
khmt-2024: page 43 could not parse course row for CSC10251
khmt-2024: page 44 could not parse course row for CSC10252
khmt-2024: page 44 could not parse course row for CSC16111
khmt-2024: page 44 could not parse course row for CSC16112
khmt-2024: page 45 could not parse course row for BAA00030
khmt-2024: page 45 could not parse course row for BAA00021
khmt-2024: page 45 could not parse course row for ADD00031
khmt-2024: page 45 could not parse course row for MTH00021
khmt-2024: page 45 could not parse course row for MTH00045
khmt-2024: page 45 could not parse course row for CSC00004
khmt-2024: page 45 could not parse course row for CSC10012
khmt-2024: page 45 could not parse course row for BAA00022
khmt-2024: page 45 could not parse course row for ADD00032
khmt-2024: page 45 could not parse course row for BAA00004
khmt-2024: page 45 could not parse course row for CHE00001
khmt-2024: page 45 could not parse course row for CHE00081
khmt-2024: page 45 could not parse course row for BIO00001
khmt-2024: page 45 could not parse course row for BIO00081
khmt-2024: page 46 could not parse course row for PHY00001
khmt-2024: page 46 could not parse course row for PHY00081
khmt-2024: page 46 could not parse course row for MTH00022
khmt-2024: page 46 could not parse course row for MTH00035
khmt-2024: page 46 could not parse course row for CSC10004
khmt-2024: page 46 could not parse course row for ADD00033
khmt-2024: page 46 could not parse course row for CHE00002
khmt-2024: page 46 could not parse course row for CHE00082
khmt-2024: page 46 could not parse course row for BIO00002
khmt-2024: page 46 could not parse course row for BIO00082
khmt-2024: page 46 could not parse course row for PHY00002
khmt-2024: page 46 could not parse course row for MTH00044
khmt-2024: page 46 could not parse course row for MTH00050
khmt-2024: page 46 could not parse course row for CSC10003
khmt-2024: page 46 could not parse course row for CSC10008
khmt-2024: page 47 could not parse course row for ADD00034
khmt-2024: page 47 could not parse course row for BAA00101
khmt-2024: page 47 could not parse course row for BAA00005
khmt-2024: page 47 could not parse course row for BAA00006
khmt-2024: page 47 could not parse course row for MTH00051
khmt-2024: page 47 could not parse course row for MTH00052
khmt-2024: page 47 could not parse course row for MTH00053
khmt-2024: page 47 could not parse course row for CSC10014
khmt-2024: page 47 could not parse course row for CSC10006
khmt-2024: page 47 could not parse course row for BAA00102
khmt-2024: page 47 could not parse course row for GEO00002
khmt-2024: page 47 could not parse course row for ENV00001
khmt-2024: page 47 could not parse course row for ENV00003
khmt-2024: page 48 could not parse course row for CSC10007
khmt-2024: page 48 invalid credits for CSC14003: [30, 0, 7]
khmt-2024: page 48 could not parse course row for CSC15005
khmt-2024: page 48 could not parse course row for CSC15109
khmt-2024: page 48 could not parse course row for CSC11004
khmt-2024: page 48 could not parse course row for CSC14007
khmt-2024: page 48 could not parse course row for BAA00103
khmt-2024: page 48 could not parse course row for CSC13002
khmt-2024: page 48 could not parse course row for CSC10104
khmt-2024: page 48 could not parse course row for CSC10107
khmt-2024: page 48 could not parse course row for CSC15002
khmt-2024: page 49 could not parse course row for CSC15003
khmt-2024: page 49 could not parse course row for CSC12001
khmt-2024: page 49 could not parse course row for CSC15004
khmt-2024: page 49 could not parse course row for CSC15107
khmt-2024: page 49 could not parse course row for BAA00104
khmt-2024: page 49 could not parse course row for CSC15001
khmt-2024: page 49 could not parse course row for CSC15010
khmt-2024: page 50 could not parse course row for CSC14120
khmt-2024: page 50 could not parse course row for CSC16106
khmt-2024: page 50 could not parse course row for CSC10251
khmt-2024: page 50 could not parse course row for CSC10252
khmt-2024: page 50 could not parse course row for CSC10204
khmt-2024: page 50 could not parse course row for CSC15104
khmt-2024: page 51 could not parse course row for BAA00003
khmt-2024: page 51 could not parse course row for CSC10251
khmt-2024: page 51 could not parse course row for CSC10252
khmt-2024: page 51 could not parse course row for CSC15201
khmt-2024: page 52 could not parse course row for BAA00030
khmt-2024: page 52 could not parse course row for BAA00021
khmt-2024: page 52 could not parse course row for ADD00031
khmt-2024: page 52 could not parse course row for MTH00021
khmt-2024: page 52 could not parse course row for MTH00045
khmt-2024: page 52 could not parse course row for CSC00004
khmt-2024: page 52 could not parse course row for CSC10012
khmt-2024: page 52 could not parse course row for BAA00022
khmt-2024: page 52 could not parse course row for ADD00032
khmt-2024: page 52 could not parse course row for BAA00004
khmt-2024: page 52 could not parse course row for CHE00001
khmt-2024: page 52 could not parse course row for CHE00081
khmt-2024: page 52 could not parse course row for BIO00001
khmt-2024: page 53 could not parse course row for BIO00081
khmt-2024: page 53 could not parse course row for PHY00001
khmt-2024: page 53 could not parse course row for PHY00081
khmt-2024: page 53 could not parse course row for MTH00022
khmt-2024: page 53 could not parse course row for MTH00035
khmt-2024: page 53 could not parse course row for CSC10004
khmt-2024: page 53 could not parse course row for ADD00033
khmt-2024: page 53 could not parse course row for CHE00002
khmt-2024: page 53 could not parse course row for CHE00082
khmt-2024: page 53 could not parse course row for BIO00002
khmt-2024: page 53 could not parse course row for BIO00082
khmt-2024: page 53 could not parse course row for PHY00002
khmt-2024: page 53 could not parse course row for MTH00044
khmt-2024: page 53 could not parse course row for MTH00050
khmt-2024: page 53 could not parse course row for CSC10003
khmt-2024: page 53 could not parse course row for CSC10008
khmt-2024: page 54 could not parse course row for ADD00034
khmt-2024: page 54 could not parse course row for BAA00101
khmt-2024: page 54 could not parse course row for BAA00005
khmt-2024: page 54 could not parse course row for BAA00006
khmt-2024: page 54 could not parse course row for MTH00051
khmt-2024: page 54 could not parse course row for MTH00052
khmt-2024: page 54 could not parse course row for MTH00053
khmt-2024: page 54 could not parse course row for CSC10014
khmt-2024: page 54 could not parse course row for CSC10006
khmt-2024: page 54 invalid credits for CSC10009: [11]
khmt-2024: page 54 could not parse course row for BAA00102
khmt-2024: page 54 could not parse course row for GEO00002
khmt-2024: page 54 could not parse course row for ENV00001
khmt-2024: page 55 could not parse course row for ENV00003
khmt-2024: page 55 could not parse course row for CSC10007
khmt-2024: page 55 could not parse course row for CSC14003
khmt-2024: page 55 could not parse course row for CSC14119
khmt-2024: page 55 could not parse course row for CSC17104
khmt-2024: page 55 could not parse course row for BAA00103
khmt-2024: page 55 could not parse course row for CSC13002
khmt-2024: page 55 could not parse course row for CSC10108
khmt-2024: page 55 could not parse course row for CSC15007
khmt-2024: page 55 could not parse course row for CSC17001
khmt-2024: page 55 could not parse course row for CSC17106
khmt-2024: page 55 invalid credits for CSC14004: [200]
khmt-2024: page 56 could not parse course row for CSC14118
khmt-2024: page 56 could not parse course row for CSC15004
khmt-2024: page 56 could not parse course row for BAA00104
khmt-2024: page 56 could not parse course row for CSC14117
khmt-2024: page 56 could not parse course row for CSC14120
khmt-2024: page 56 could not parse course row for CSC17102
khmt-2024: page 56 could not parse course row for CSC17103
khmt-2024: page 56 could not parse course row for CSC10251
khmt-2024: page 56 could not parse course row for CSC10252
khmt-2024: page 57 could not parse course row for CSC17107
khmt-2024: page 57 could not parse course row for BAA00003
khmt-2024: page 57 could not parse course row for CSC10251
khmt-2024: page 58 could not parse course row for CSC14115
khmt-2024: page 58 could not parse course row for CSC14116
khmt-2024: page 61 invalid credits for CSC15011: [45, 30, 0]
ktpm-2024: page 8 could not parse course row for BAA00104
ktpm-2024: page 9 could not parse course row for PHY00002
ktpm-2024: page 10 invalid credits for ADD00033: [0, 4]
ktpm-2024: page 11 could not parse course row for CSC13002
ktpm-2024: page 11 could not parse course row for CSC13005
ktpm-2024: page 11 invalid credits for CSC13010: [45, 30, 0]
ktpm-2024: page 12 could not parse course row for CSC13101
ktpm-2024: page 12 could not parse course row for CSC13107
ktpm-2024: page 12 could not parse course row for CSC16106
ktpm-2024: page 13 could not parse course row for CSC13114
ktpm-2024: page 13 could not parse course row for CSC13115
ktpm-2024: page 13 could not parse course row for CSC13116
ktpm-2024: page 13 could not parse course row for CSC13118
ktpm-2024: page 14 could not parse course row for BAA00030
ktpm-2024: page 14 could not parse course row for BAA00021
ktpm-2024: page 14 could not parse course row for MTH00021
ktpm-2024: page 14 could not parse course row for MTH00045
ktpm-2024: page 14 could not parse course row for CSC00004
ktpm-2024: page 14 could not parse course row for CSC10012
ktpm-2024: page 14 could not parse course row for BAA00022
ktpm-2024: page 14 could not parse course row for ADD00032
ktpm-2024: page 14 could not parse course row for BAA00004
ktpm-2024: page 14 could not parse course row for MTH00022
ktpm-2024: page 14 could not parse course row for MTH00035
ktpm-2024: page 15 could not parse course row for CHE00001
ktpm-2024: page 15 could not parse course row for CHE00081
ktpm-2024: page 15 could not parse course row for BIO00001
ktpm-2024: page 15 could not parse course row for BIO00081
ktpm-2024: page 15 could not parse course row for PHY00001
ktpm-2024: page 15 could not parse course row for PHY00081
ktpm-2024: page 15 invalid credits for CSC10004: [0, 1]
ktpm-2024: page 15 could not parse course row for ADD00033
ktpm-2024: page 15 could not parse course row for CHE00002
ktpm-2024: page 15 could not parse course row for CHE00082
ktpm-2024: page 15 could not parse course row for BIO00002
ktpm-2024: page 15 could not parse course row for BIO00082
ktpm-2024: page 15 could not parse course row for PHY00002
ktpm-2024: page 15 could not parse course row for MTH00044
ktpm-2024: page 15 could not parse course row for MTH00050
ktpm-2024: page 16 could not parse course row for BAA00101
ktpm-2024: page 16 could not parse course row for BAA00005
ktpm-2024: page 16 could not parse course row for BAA00006
ktpm-2024: page 16 invalid credits for BAA00007: [0, 6]
ktpm-2024: page 16 could not parse course row for MTH00051
ktpm-2024: page 16 could not parse course row for MTH00052
ktpm-2024: page 16 could not parse course row for MTH00053
ktpm-2024: page 16 could not parse course row for CSC10014
ktpm-2024: page 16 could not parse course row for CSC10006
ktpm-2024: page 16 could not parse course row for CSC10009
ktpm-2024: page 16 could not parse course row for CSC10121
ktpm-2024: page 16 could not parse course row for CSC13102
ktpm-2024: page 17 could not parse course row for BAA00102
ktpm-2024: page 17 could not parse course row for GEO00002
ktpm-2024: page 17 could not parse course row for ENV00001
ktpm-2024: page 17 could not parse course row for ENV00003
ktpm-2024: page 17 could not parse course row for CSC10007
ktpm-2024: page 17 could not parse course row for CSC10105
ktpm-2024: page 17 could not parse course row for CSC13008
ktpm-2024: page 18 could not parse course row for BAA00103
ktpm-2024: page 18 could not parse course row for CSC14003
ktpm-2024: page 18 could not parse course row for CSC10102
ktpm-2024: page 18 could not parse course row for CSC10103
ktpm-2024: page 18 could not parse course row for CSC13005
ktpm-2024: page 18 could not parse course row for CSC13010
ktpm-2024: page 18 could not parse course row for CSC11007
ktpm-2024: page 18 could not parse course row for CSC14005
ktpm-2024: page 18 could not parse course row for BAA00104
ktpm-2024: page 19 could not parse course row for CSC13003
ktpm-2024: page 19 could not parse course row for CSC13006
ktpm-2024: page 19 could not parse course row for CSC13007
ktpm-2024: page 19 could not parse course row for CSC13106
ktpm-2024: page 19 could not parse course row for CSC13112
ktpm-2024: page 19 could not parse course row for CSC13103
ktpm-2024: page 19 could not parse course row for CSC13107
ktpm-2024: page 19 could not parse course row for CSC16106
ktpm-2024: page 19 could not parse course row for CSC10251
ktpm-2024: page 20 could not parse course row for CSC10252
ktpm-2024: page 20 could not parse course row for CSC10204
ktpm-2024: page 20 could not parse course row for CSC13114
ktpm-2024: page 20 could not parse course row for CSC13118
ktpm-2024: page 20 could not parse course row for BAA00003
ktpm-2024: page 20 could not parse course row for CSC13101
ktpm-2024: page 20 could not parse course row for CSC13117
ktpm-2024: page 20 could not parse course row for CSC10251
ktpm-2024: page 20 could not parse course row for CSC10252
ktpm-2024: page 21 could not parse course row for CSC13115
ktpm-2024: page 21 could not parse course row for CSC13116
ktpm-2024: page 25 invalid credits for CSC16003: [72, 4, 45, 30, 0]
httt-2024: page 9 could not parse course row for PHY00002
httt-2024: page 10 could not parse course row for BAA00030
httt-2024: page 11 could not parse course row for CSC12004
httt-2024: page 11 could not parse course row for CSC12005
httt-2024: page 12 could not parse course row for CSC12001
httt-2024: page 12 could not parse course row for CSC17106
httt-2024: page 13 could not parse course row for CSC12107
httt-2024: page 13 could not parse course row for CSC12111
httt-2024: page 14 could not parse course row for BAA00030
httt-2024: page 14 could not parse course row for BAA00021
httt-2024: page 14 could not parse course row for MTH00021
httt-2024: page 14 could not parse course row for MTH00045
httt-2024: page 14 could not parse course row for CSC00004
httt-2024: page 14 could not parse course row for CSC10012
httt-2024: page 14 could not parse course row for BAA00022
httt-2024: page 14 could not parse course row for ADD00032
httt-2024: page 14 could not parse course row for BAA00004
httt-2024: page 14 could not parse course row for MTH00022
httt-2024: page 14 could not parse course row for MTH00035
httt-2024: page 15 could not parse course row for CHE00001
httt-2024: page 15 could not parse course row for CHE00081
httt-2024: page 15 could not parse course row for BIO00001
httt-2024: page 15 could not parse course row for BIO00081
httt-2024: page 15 could not parse course row for PHY00001
httt-2024: page 15 could not parse course row for PHY00081
httt-2024: page 15 could not parse course row for CSC10004
httt-2024: page 15 could not parse course row for ADD00033
httt-2024: page 15 could not parse course row for CHE00002
httt-2024: page 15 could not parse course row for CHE00082
httt-2024: page 15 could not parse course row for BIO00002
httt-2024: page 15 could not parse course row for BIO00082
httt-2024: page 15 could not parse course row for PHY00002
httt-2024: page 15 could not parse course row for MTH00044
httt-2024: page 15 could not parse course row for MTH00050
httt-2024: page 15 could not parse course row for CSC10008
httt-2024: page 16 could not parse course row for ADD00034
httt-2024: page 16 could not parse course row for BAA00101
httt-2024: page 16 could not parse course row for BAA00005
httt-2024: page 16 could not parse course row for BAA00006
httt-2024: page 16 invalid credits for BAA00007: [0, 6]
httt-2024: page 16 could not parse course row for MTH00051
httt-2024: page 16 could not parse course row for MTH00052
httt-2024: page 16 could not parse course row for MTH00053
httt-2024: page 16 could not parse course row for CSC10014
httt-2024: page 16 could not parse course row for CSC10006
httt-2024: page 16 could not parse course row for CSC10009
httt-2024: page 16 could not parse course row for CSC10121
httt-2024: page 16 could not parse course row for BAA00102
httt-2024: page 17 could not parse course row for GEO00002
httt-2024: page 17 could not parse course row for ENV00001
httt-2024: page 17 could not parse course row for ENV00003
httt-2024: page 17 could not parse course row for CSC10007
httt-2024: page 17 could not parse course row for CSC13002
httt-2024: page 17 could not parse course row for CSC10105
httt-2024: page 17 could not parse course row for CSC12002
httt-2024: page 17 invalid credits for CSC12003: [45, 9]
httt-2024: page 17 could not parse course row for CSC12004
httt-2024: page 17 could not parse course row for BAA00103
httt-2024: page 17 could not parse course row for CSC14003
httt-2024: page 17 could not parse course row for CSC10102
httt-2024: page 18 could not parse course row for CSC10104
httt-2024: page 18 could not parse course row for CSC10106
httt-2024: page 18 could not parse course row for CSC10107
httt-2024: page 18 could not parse course row for CSC12005
httt-2024: page 18 could not parse course row for CSC12001
httt-2024: page 18 could not parse course row for CSC12105
httt-2024: page 18 could not parse course row for CSC12106
httt-2024: page 18 could not parse course row for CSC17106
httt-2024: page 18 could not parse course row for BAA00104
httt-2024: page 19 could not parse course row for CSC10108
httt-2024: page 19 could not parse course row for CSC10251
httt-2024: page 19 could not parse course row for CSC10252
httt-2024: page 19 could not parse course row for CSC10204
httt-2024: page 19 could not parse course row for CSC12107
httt-2024: page 19 could not parse course row for CSC12108
httt-2024: page 19 invalid credits for CSC12111: [45, 9]
httt-2024: page 19 could not parse course row for BAA00003
httt-2024: page 22 could not parse course row for CSC10106
httt-2024: page 25 invalid credits for CSC11120: [45, 30, 0]